twitter/build/outputs/logs/manifest-merger-debug-report.txt
-- Merging decision tree log ---
manifest
ADDED from src\main\AndroidManifest.xml:19:1-24:12
INJECTED from src\main\AndroidManifest.xml:19:1-24:12
INJECTED from src\main\AndroidManifest.xml:19:1-24:12
INJECTED from src\main\AndroidManifest.xml:19:1-24:12
INJECTED from src\main\AndroidManifest.xml:19:1-24:12
INJECTED from src\main\AndroidManifest.xml:19:1-24:12
INJECTED from src\main\AndroidManifest.xml:19:1-24:12
	package
		ADDED from src\main\AndroidManifest.xml:20:11-44
		INJECTED from src\main\AndroidManifest.xml
		INJECTED from src\main\AndroidManifest.xml
	android:versionName
		INJECTED from src\main\AndroidManifest.xml
		ADDED from src\main\AndroidManifest.xml:19:1-24:12
		INJECTED from src\main\AndroidManifest.xml
	android:versionCode
		INJECTED from src\main\AndroidManifest.xml
		ADDED from src\main\AndroidManifest.xml:19:1-24:12
		INJECTED from src\main\AndroidManifest.xml
	xmlns:android
		ADDED from src\main\AndroidManifest.xml:19:11-69
application
ADDED from src\main\AndroidManifest.xml:22:5-20
uses-sdk
INJECTED from src\main\AndroidManifest.xml reason: use-sdk injection requested
INJECTED from src\main\AndroidManifest.xml
INJECTED from src\main\AndroidManifest.xml
	android:minSdkVersion
		INJECTED from src\main\AndroidManifest.xml
		ADDED from src\main\AndroidManifest.xml
		INJECTED from src\main\AndroidManifest.xml